Arguments: 
  C:\Program Files\nodejs\node.exe C:\Users\Dealbisac\AppData\Roaming\npm\node_modules\yarn\bin\yarn.js

PATH: 
  C:\Program Files\Git\mingw64\bin;C:\Program Files\Git\usr\bin;C:\Users\Dealbisac\bin;C:\Python39\Scripts;C:\Python39;C:\Windows\system32;C:\Windows;C:\Windows\System32\Wbem;C:\Windows\System32\WindowsPowerShell\v1.0;C:\Windows\System32\OpenSSH;C:\Program Files\Git\cmd;C:\Program Files\Java\jre1.8.0_271\bin;C:\Program Files\Java\jdk1.8.0_171\bin;C:\ProgramData\chocolatey\bin;C:\Program Files\nodejs;C:\xampp\php;C:\ProgramData\ComposerSetup\bin;C:\Program Files\MATLAB\R2018a\runtime\win64;C:\Program Files\MATLAB\R2018a\bin;C:\Program Files\MongoDB\Server\4.4\bin;C:\Program Files\Java\jdk1.8.0_171\bin;C:\flutter\bin;C:\Users\Dealbisac\AppData\Local\Programs\Microsoft VS Code\bin;C:\Users\Dealbisac\AppData\Roaming\npm;C:\Users\Dealbisac\AppData\Roaming\Composer\vendor\bin

Yarn version: 
  1.22.10

Node version: 
  14.15.0

Platform: 
  win32 x64

Trace: 
  Error: getaddrinfo EAI_AGAIN registry.yarnpkg.com
      at GetAddrInfoReqWrap.onlookup [as oncomplete] (dns.js:67:26)

npm manifest: 
  {
    "name": "mern-simplesetup",
    "version": "1.0.0",
    "description": "boiler plate for the mern application",
    "main": "index.js",
    "author": "Dipendra Bahadur Chand",
    "license": "MIT",
    "dependencies": {
      "@hot-loader/react-dom": "16.13.0",
      "express": "4.17.1",
      "mongodb": "3.5.5",
      "react": "16.13.1",
      "react-dom": "16.13.1",
      "react-hot-loader": "4.12.20"
      },
      "devDependencies": {
        "@babel/core": "7.9.0",
        "@babel/preset-env": "7.9.0",
        "@babel/preset-react": "7.9.4",
        "babel-loader": "8.1.0",
        "nodemon": "2.0.2",
        "webpack": "4.42.1",
        "webpack-cli": "3.3.11",
        "webpack-dev-middleware": "3.7.2",
        "webpack-hot-middleware": "2.25.0",
        "webpack-node-externals": "1.7.2"
        }
  }

yarn manifest: 
  No manifest

Lockfile: 
  No lockfile
